app/build/intermediates/manifest_merge_blame_file/debug/manifest-merger-blame-debug-report.txt
1<?xml version="1.0" encoding="utf-8"?>
2<manifest xmlns:android="http://schemas.android.com/apk/res/android"
3    package="com.hanna.agriculture"
4    android:versionCode="1"
5    android:versionName="1.0" >
6
7    <uses-sdk
8        android:minSdkVersion="19"
8-->src\main\AndroidManifest.xml
9        android:targetSdkVersion="32" />
9-->src\main\AndroidManifest.xml
10
11    <application
11-->src\main\AndroidManifest.xml:4:5-56:19
12        android:allowBackup="true"
12-->src\main\AndroidManifest.xml:5:9-35
13        android:appComponentFactory="androidx.core.app.CoreComponentFactory"
13-->[androidx.core:core:1.7.0] AndroidManifest.xml:24:18-86
14        android:debuggable="true"
15        android:icon="@mipmap/ic_launcher"
15-->src\main\AndroidManifest.xml:6:9-43
16        android:label="@string/app_name"
16-->src\main\AndroidManifest.xml:7:9-41
17        android:roundIcon="@mipmap/ic_launcher_round"
17-->src\main\AndroidManifest.xml:8:9-54
18        android:supportsRtl="true"
18-->src\main\AndroidManifest.xml:9:9-35
19        android:theme="@style/Theme.Agriculture" >
19-->src\main\AndroidManifest.xml:10:9-49
20        <activity
20-->src\main\AndroidManifest.xml:11:9-19:20
21            android:name="com.hanna.agriculture.MainActivity"
21-->src\main\AndroidManifest.xml:12:13-41
22            android:exported="true" >
22-->src\main\AndroidManifest.xml:13:13-36
23            <intent-filter>
23-->src\main\AndroidManifest.xml:14:13-18:29
24                <action android:name="android.intent.action.MAIN" />
24-->src\main\AndroidManifest.xml:15:17-69
24-->src\main\AndroidManifest.xml:15:25-66
25
26                <category android:name="android.intent.category.LAUNCHER" />
26-->src\main\AndroidManifest.xml:17:17-77
26-->src\main\AndroidManifest.xml:17:27-74
27            </intent-filter>
28        </activity>
29        <activity
29-->src\main\AndroidManifest.xml:20:9-30:20
30            android:name="com.hanna.agriculture.activity.AllFieldsActivity"
30-->src\main\AndroidManifest.xml:21:13-76
31            android:exported="true"
31-->src\main\AndroidManifest.xml:24:13-36
32            android:label="AllFieldsActivity"
32-->src\main\AndroidManifest.xml:22:13-46
33            android:theme="@style/Theme.Design.NoActionBar" >
33-->src\main\AndroidManifest.xml:23:13-60
34            <intent-filter>
34-->src\main\AndroidManifest.xml:25:13-29:29
35                <action android:name="om.hanna.agriculture.activity.AllFieldsActivity" />
35-->src\main\AndroidManifest.xml:26:17-90
35-->src\main\AndroidManifest.xml:26:25-87
36
37                <category android:name="android.intent.category.DEFAULT" />
37-->src\main\AndroidManifest.xml:28:17-76
37-->src\main\AndroidManifest.xml:28:27-73
38            </intent-filter>
39        </activity>
40        <activity
40-->src\main\AndroidManifest.xml:31:9-41:20
41            android:name="com.hanna.agriculture.activity.AddFieldActivity"
41-->src\main\AndroidManifest.xml:32:13-75
42            android:exported="true"
42-->src\main\AndroidManifest.xml:35:13-36
43            android:label="AddFieldActivity"
43-->src\main\AndroidManifest.xml:33:13-45
44            android:theme="@style/Theme.Design.NoActionBar" >
44-->src\main\AndroidManifest.xml:34:13-60
45            <intent-filter>
45-->src\main\AndroidManifest.xml:36:13-40:29
46                <action android:name="om.hanna.agriculture.activity.AddFieldActivity" />
46-->src\main\AndroidManifest.xml:37:17-89
46-->src\main\AndroidManifest.xml:37:25-86
47
48                <category android:name="android.intent.category.DEFAULT" />
48-->src\main\AndroidManifest.xml:28:17-76
48-->src\main\AndroidManifest.xml:28:27-73
49            </intent-filter>
50        </activity>
51        <activity
51-->src\main\AndroidManifest.xml:42:9-52:20
52            android:name="com.hanna.agriculture.activity.EditFieldActivity"
52-->src\main\AndroidManifest.xml:43:13-76
53            android:exported="true"
53-->src\main\AndroidManifest.xml:46:13-36
54            android:label="EditFieldActivity"
54-->src\main\AndroidManifest.xml:44:13-46
55            android:theme="@style/Theme.Design.NoActionBar" >
55-->src\main\AndroidManifest.xml:45:13-60
56            <intent-filter>
56-->src\main\AndroidManifest.xml:47:13-51:29
57                <action android:name="om.hanna.agriculture.activity.EditFieldActivity" />
57-->src\main\AndroidManifest.xml:48:17-90
57-->src\main\AndroidManifest.xml:48:25-87
58
59                <category android:name="android.intent.category.DEFAULT" />
59-->src\main\AndroidManifest.xml:28:17-76
59-->src\main\AndroidManifest.xml:28:27-73
60            </intent-filter>
61        </activity>
62
63        <meta-data
63-->src\main\AndroidManifest.xml:53:9-55:57
64            android:name="preloaded_fonts"
64-->src\main\AndroidManifest.xml:54:13-43
65            android:resource="@array/preloaded_fonts" />
65-->src\main\AndroidManifest.xml:55:13-54
66
67        <provider
67-->[androidx.emoji2:emoji2:1.0.0] AndroidManifest.xml:26:9-34:20
68            android:name="androidx.startup.InitializationProvider"
68-->[androidx.emoji2:emoji2:1.0.0] AndroidManifest.xml:27:13-67
69            android:authorities="com.hanna.agriculture.androidx-startup"
69-->[androidx.emoji2:emoji2:1.0.0] AndroidManifest.xml:28:13-68
70            android:exported="false" >
70-->[androidx.emoji2:emoji2:1.0.0] AndroidManifest.xml:29:13-37
71            <meta-data
71-->[androidx.emoji2:emoji2:1.0.0] AndroidManifest.xml:31:13-33:52
72                android:name="androidx.emoji2.text.EmojiCompatInitializer"
72-->[androidx.emoji2:emoji2:1.0.0] AndroidManifest.xml:32:17-75
73                android:value="androidx.startup" />
73-->[androidx.emoji2:emoji2:1.0.0] AndroidManifest.xml:33:17-49
74            <meta-data
74-->[androidx.lifecycle:lifecycle-process:2.4.0] AndroidManifest.xml:31:13-33:52
75                android:name="androidx.lifecycle.ProcessLifecycleInitializer"
75-->[androidx.lifecycle:lifecycle-process:2.4.0] AndroidManifest.xml:32:17-78
76                android:value="androidx.startup" />
76-->[androidx.lifecycle:lifecycle-process:2.4.0] AndroidManifest.xml:33:17-49
77        </provider>
78    </application>
79
80</manifest>